# JRE version: OpenJDK Runtime Environment Microsoft-9889599 (17.0.12+7) (build 17.0.12+7-LTS)
# Java VM: OpenJDK 64-Bit Server VM Microsoft-9889599 (17.0.12+7-LTS, mixed mode, sharing, tiered, compressed oops, compressed class ptrs, g1 gc, windows-amd64)
GC Precious Log:
 CPUs: 16 total, 16 available
 Memory: 8010M
 Large Page Support: Disabled
 NUMA Support: Disabled
 Compressed Oops: Enabled (32-bit)
 Heap Region Size: 1M
 Heap Min Capacity: 8M
 Heap Initial Capacity: 126M
 Heap Max Capacity: 1G
 Pre-touch: Disabled
 Parallel Workers: 13
 Concurrent Workers: 3
 Concurrent Refinement Workers: 13
 Periodic GC: Disabled
Heap:
 garbage-first heap   total 215040K, used 118061K [0x00000000c0000000, 0x0000000100000000)
  region size 1024K, 2 young (2048K), 2 survivors (2048K)
 Metaspace       used 7831K, committed 8192K, reserved 1114112K
  class space    used 889K, committed 1024K, reserved 1048576K
GC Heap History (20 events):
Event: 0.590 GC heap after
{Heap after GC invocations=1 (full 0):
 garbage-first heap   total 129024K, used 8435K [0x00000000c0000000, 0x0000000100000000)
  region size 1024K, 3 young (3072K), 3 survivors (3072K)
 Metaspace       used 4633K, committed 4800K, reserved 1114112K
  class space    used 495K, committed 576K, reserved 1048576K
}
Event: 0.802 GC heap before
{Heap before GC invocations=1 (full 0):
 garbage-first heap   total 129024K, used 41203K [0x00000000c0000000, 0x0000000100000000)
  region size 1024K, 31 young (31744K), 3 survivors (3072K)
 Metaspace       used 5936K, committed 6080K, reserved 1114112K
  class space    used 652K, committed 704K, reserved 1048576K
}
Event: 0.809 GC heap after
{Heap after GC invocations=2 (full 0):
 garbage-first heap   total 129024K, used 15959K [0x00000000c0000000, 0x0000000100000000)
  region size 1024K, 4 young (4096K), 4 survivors (4096K)
 Metaspace       used 5936K, committed 6080K, reserved 1114112K
  class space    used 652K, committed 704K, reserved 1048576K
}
Event: 0.985 GC heap before
{Heap before GC invocations=2 (full 0):
 garbage-first heap   total 129024K, used 80471K [0x00000000c0000000, 0x0000000100000000)
  region size 1024K, 66 young (67584K), 4 survivors (4096K)
 Metaspace       used 5943K, committed 6080K, reserved 1114112K
  class space    used 652K, committed 704K, reserved 1048576K
}
Event: 0.992 GC heap after
{Heap after GC invocations=3 (full 0):
 garbage-first heap   total 129024K, used 32768K [0x00000000c0000000, 0x0000000100000000)
  region size 1024K, 9 young (9216K), 9 survivors (9216K)
 Metaspace       used 5943K, committed 6080K, reserved 1114112K
  class space    used 652K, committed 704K, reserved 1048576K
}
Event: 1.084 GC heap before
{Heap before GC invocations=3 (full 0):
 garbage-first heap   total 129024K, used 75776K [0x00000000c0000000, 0x0000000100000000)
  region size 1024K, 51 young (52224K), 9 survivors (9216K)
 Metaspace       used 5951K, committed 6080K, reserved 1114112K
  class space    used 652K, committed 704K, reserved 1048576K
}
Event: 1.092 GC heap after
{Heap after GC invocations=4 (full 0):
 garbage-first heap   total 129024K, used 44544K [0x00000000c0000000, 0x0000000100000000)
  region size 1024K, 7 young (7168K), 7 survivors (7168K)
 Metaspace       used 5951K, committed 6080K, reserved 1114112K
  class space    used 652K, committed 704K, reserved 1048576K
}
Event: 1.170 GC heap before
{Heap before GC invocations=4 (full 0):
 garbage-first heap   total 129024K, used 83456K [0x00000000c0000000, 0x0000000100000000)
  region size 1024K, 45 young (46080K), 7 survivors (7168K)
 Metaspace       used 6173K, committed 6336K, reserved 1114112K
  class space    used 675K, committed 768K, reserved 1048576K
}
Event: 1.174 GC heap after
{Heap after GC invocations=5 (full 0):
 garbage-first heap   total 129024K, used 54272K [0x00000000c0000000, 0x0000000100000000)
  region size 1024K, 6 young (6144K), 6 survivors (6144K)
 Metaspace       used 6173K, committed 6336K, reserved 1114112K
  class space    used 675K, committed 768K, reserved 1048576K
}
Event: 1.375 GC heap before
{Heap before GC invocations=5 (full 0):
 garbage-first heap   total 129024K, used 90112K [0x00000000c0000000, 0x0000000100000000)
  region size 1024K, 41 young (41984K), 6 survivors (6144K)
 Metaspace       used 7537K, committed 7744K, reserved 1114112K
  class space    used 864K, committed 960K, reserved 1048576K
}
Event: 1.390 GC heap after
{Heap after GC invocations=6 (full 0):
 garbage-first heap   total 184320K, used 65536K [0x00000000c0000000, 0x0000000100000000)
  region size 1024K, 6 young (6144K), 6 survivors (6144K)
 Metaspace       used 7537K, committed 7744K, reserved 1114112K
  class space    used 864K, committed 960K, reserved 1048576K
}
Event: 1.512 GC heap before
{Heap before GC invocations=6 (full 0):
 garbage-first heap   total 184320K, used 125952K [0x00000000c0000000, 0x0000000100000000)
  region size 1024K, 65 young (66560K), 6 survivors (6144K)
 Metaspace       used 7924K, committed 8192K, reserved 1114112K
  class space    used 921K, committed 1024K, reserved 1048576K
}
Event: 1.539 GC heap after
{Heap after GC invocations=7 (full 0):
 garbage-first heap   total 184320K, used 79360K [0x00000000c0000000, 0x0000000100000000)
  region size 1024K, 9 young (9216K), 9 survivors (9216K)
 Metaspace       used 7924K, committed 8192K, reserved 1114112K
  class space    used 921K, committed 1024K, reserved 1048576K
}
Event: 1.633 GC heap before
{Heap before GC invocations=7 (full 0):
 garbage-first heap   total 184320K, used 131584K [0x00000000c0000000, 0x0000000100000000)
  region size 1024K, 60 young (61440K), 9 survivors (9216K)
 Metaspace       used 7942K, committed 8192K, reserved 1114112K
  class space    used 922K, committed 1024K, reserved 1048576K
}
Event: 1.654 GC heap after
{Heap after GC invocations=8 (full 0):
 garbage-first heap   total 184320K, used 92115K [0x00000000c0000000, 0x0000000100000000)
  region size 1024K, 8 young (8192K), 8 survivors (8192K)
 Metaspace       used 7942K, committed 8192K, reserved 1114112K
  class space    used 922K, committed 1024K, reserved 1048576K
}
Event: 1.738 GC heap before
{Heap before GC invocations=8 (full 0):
 garbage-first heap   total 184320K, used 137171K [0x00000000c0000000, 0x0000000100000000)
  region size 1024K, 52 young (53248K), 8 survivors (8192K)
 Metaspace       used 7946K, committed 8192K, reserved 1114112K
  class space    used 922K, committed 1024K, reserved 1048576K
}
Event: 1.761 GC heap after
{Heap after GC invocations=9 (full 0):
 garbage-first heap   total 184320K, used 102912K [0x00000000c0000000, 0x0000000100000000)
  region size 1024K, 7 young (7168K), 7 survivors (7168K)
 Metaspace       used 7946K, committed 8192K, reserved 1114112K
  class space    used 922K, committed 1024K, reserved 1048576K
}
Event: 1.843 GC heap before
{Heap before GC invocations=10 (full 0):
 garbage-first heap   total 215040K, used 144896K [0x00000000c0000000, 0x0000000100000000)
  region size 1024K, 44 young (45056K), 7 survivors (7168K)
 Metaspace       used 7831K, committed 8192K, reserved 1114112K
  class space    used 889K, committed 1024K, reserved 1048576K
}
Event: 1.866 GC heap after
{Heap after GC invocations=11 (full 0):
 garbage-first heap   total 215040K, used 116736K [0x00000000c0000000, 0x0000000100000000)
  region size 1024K, 6 young (6144K), 6 survivors (6144K)
 Metaspace       used 7831K, committed 8192K, reserved 1114112K
  class space    used 889K, committed 1024K, reserved 1048576K
}
Event: 1.871 GC heap before
{Heap before GC invocations=11 (full 0):
 garbage-first heap   total 215040K, used 120832K [0x00000000c0000000, 0x0000000100000000)
  region size 1024K, 10 young (10240K), 6 survivors (6144K)
 Metaspace       used 7831K, committed 8192K, reserved 1114112K
  class space    used 889K, committed 1024K, reserved 1048576K
}

