# JRE version: OpenJDK Runtime Environment Microsoft-9889599 (17.0.12+7) (build 17.0.12+7-LTS)
# Java VM: OpenJDK 64-Bit Server VM Microsoft-9889599 (17.0.12+7-LTS, mixed mode, sharing, tiered, compressed oops, compressed class ptrs, g1 gc, windows-amd64)
GC Precious Log:
 CPUs: 16 total, 16 available
 Memory: 8010M
 Large Page Support: Disabled
 NUMA Support: Disabled
 Compressed Oops: Enabled (32-bit)
 Heap Region Size: 1M
 Heap Min Capacity: 8M
 Heap Initial Capacity: 126M
 Heap Max Capacity: 1G
 Pre-touch: Disabled
 Parallel Workers: 13
 Concurrent Workers: 3
 Concurrent Refinement Workers: 13
 Periodic GC: Disabled
Heap:
 garbage-first heap   total 215040K, used 112109K [0x00000000c0000000, 0x0000000100000000)
  region size 1024K, 2 young (2048K), 2 survivors (2048K)
 Metaspace       used 7810K, committed 8192K, reserved 1114112K
  class space    used 891K, committed 1024K, reserved 1048576K
GC Heap History (20 events):
Event: 0.435 GC heap after
{Heap after GC invocations=1 (full 0):
 garbage-first heap   total 129024K, used 8469K [0x00000000c0000000, 0x0000000100000000)
  region size 1024K, 3 young (3072K), 3 survivors (3072K)
 Metaspace       used 4580K, committed 4672K, reserved 1114112K
  class space    used 486K, committed 512K, reserved 1048576K
}
Event: 0.604 GC heap before
{Heap before GC invocations=1 (full 0):
 garbage-first heap   total 129024K, used 42261K [0x00000000c0000000, 0x0000000100000000)
  region size 1024K, 31 young (31744K), 3 survivors (3072K)
 Metaspace       used 5932K, committed 6080K, reserved 1114112K
  class space    used 652K, committed 704K, reserved 1048576K
}
Event: 0.610 GC heap after
{Heap after GC invocations=2 (full 0):
 garbage-first heap   total 129024K, used 16029K [0x00000000c0000000, 0x0000000100000000)
  region size 1024K, 4 young (4096K), 4 survivors (4096K)
 Metaspace       used 5932K, committed 6080K, reserved 1114112K
  class space    used 652K, committed 704K, reserved 1048576K
}
Event: 0.819 GC heap before
{Heap before GC invocations=2 (full 0):
 garbage-first heap   total 129024K, used 78493K [0x00000000c0000000, 0x0000000100000000)
  region size 1024K, 64 young (65536K), 4 survivors (4096K)
 Metaspace       used 5939K, committed 6080K, reserved 1114112K
  class space    used 652K, committed 704K, reserved 1048576K
}
Event: 0.827 GC heap after
{Heap after GC invocations=3 (full 0):
 garbage-first heap   total 129024K, used 32617K [0x00000000c0000000, 0x0000000100000000)
  region size 1024K, 8 young (8192K), 8 survivors (8192K)
 Metaspace       used 5939K, committed 6080K, reserved 1114112K
  class space    used 652K, committed 704K, reserved 1048576K
}
Event: 0.927 GC heap before
{Heap before GC invocations=3 (full 0):
 garbage-first heap   total 129024K, used 74601K [0x00000000c0000000, 0x0000000100000000)
  region size 1024K, 49 young (50176K), 8 survivors (8192K)
 Metaspace       used 5947K, committed 6080K, reserved 1114112K
  class space    used 652K, committed 704K, reserved 1048576K
}
Event: 0.934 GC heap after
{Heap after GC invocations=4 (full 0):
 garbage-first heap   total 129024K, used 44032K [0x00000000c0000000, 0x0000000100000000)
  region size 1024K, 7 young (7168K), 7 survivors (7168K)
 Metaspace       used 5947K, committed 6080K, reserved 1114112K
  class space    used 652K, committed 704K, reserved 1048576K
}
Event: 1.006 GC heap before
{Heap before GC invocations=4 (full 0):
 garbage-first heap   total 129024K, used 82944K [0x00000000c0000000, 0x0000000100000000)
  region size 1024K, 45 young (46080K), 7 survivors (7168K)
 Metaspace       used 6106K, committed 6272K, reserved 1114112K
  class space    used 671K, committed 768K, reserved 1048576K
}
Event: 1.010 GC heap after
{Heap after GC invocations=5 (full 0):
 garbage-first heap   total 129024K, used 54272K [0x00000000c0000000, 0x0000000100000000)
  region size 1024K, 6 young (6144K), 6 survivors (6144K)
 Metaspace       used 6106K, committed 6272K, reserved 1114112K
  class space    used 671K, committed 768K, reserved 1048576K
}
Event: 1.178 GC heap before
{Heap before GC invocations=5 (full 0):
 garbage-first heap   total 129024K, used 89088K [0x00000000c0000000, 0x0000000100000000)
  region size 1024K, 41 young (41984K), 6 survivors (6144K)
 Metaspace       used 7554K, committed 7744K, reserved 1114112K
  class space    used 870K, committed 960K, reserved 1048576K
}
Event: 1.192 GC heap after
{Heap after GC invocations=6 (full 0):
 garbage-first heap   total 174080K, used 66048K [0x00000000c0000000, 0x0000000100000000)
  region size 1024K, 6 young (6144K), 6 survivors (6144K)
 Metaspace       used 7554K, committed 7744K, reserved 1114112K
  class space    used 870K, committed 960K, reserved 1048576K
}
Event: 1.281 GC heap before
{Heap before GC invocations=6 (full 0):
 garbage-first heap   total 174080K, used 116224K [0x00000000c0000000, 0x0000000100000000)
  region size 1024K, 56 young (57344K), 6 survivors (6144K)
 Metaspace       used 7888K, committed 8064K, reserved 1114112K
  class space    used 920K, committed 1024K, reserved 1048576K
}
Event: 1.298 GC heap after
{Heap after GC invocations=7 (full 0):
 garbage-first heap   total 174080K, used 78336K [0x00000000c0000000, 0x0000000100000000)
  region size 1024K, 7 young (7168K), 7 survivors (7168K)
 Metaspace       used 7888K, committed 8064K, reserved 1114112K
  class space    used 920K, committed 1024K, reserved 1048576K
}
Event: 1.347 GC heap before
{Heap before GC invocations=7 (full 0):
 garbage-first heap   total 174080K, used 123392K [0x00000000c0000000, 0x0000000100000000)
  region size 1024K, 52 young (53248K), 7 survivors (7168K)
 Metaspace       used 7907K, committed 8192K, reserved 1114112K
  class space    used 921K, committed 1024K, reserved 1048576K
}
Event: 1.364 GC heap after
{Heap after GC invocations=8 (full 0):
 garbage-first heap   total 174080K, used 88031K [0x00000000c0000000, 0x0000000100000000)
  region size 1024K, 7 young (7168K), 7 survivors (7168K)
 Metaspace       used 7907K, committed 8192K, reserved 1114112K
  class space    used 921K, committed 1024K, reserved 1048576K
}
Event: 1.461 GC heap before
{Heap before GC invocations=8 (full 0):
 garbage-first heap   total 174080K, used 128991K [0x00000000c0000000, 0x0000000100000000)
  region size 1024K, 47 young (48128K), 7 survivors (7168K)
 Metaspace       used 7912K, committed 8192K, reserved 1114112K
  class space    used 921K, committed 1024K, reserved 1048576K
}
Event: 1.479 GC heap after
{Heap after GC invocations=9 (full 0):
 garbage-first heap   total 174080K, used 97728K [0x00000000c0000000, 0x0000000100000000)
  region size 1024K, 6 young (6144K), 6 survivors (6144K)
 Metaspace       used 7912K, committed 8192K, reserved 1114112K
  class space    used 921K, committed 1024K, reserved 1048576K
}
Event: 1.537 GC heap before
{Heap before GC invocations=10 (full 0):
 garbage-first heap   total 215040K, used 136640K [0x00000000c0000000, 0x0000000100000000)
  region size 1024K, 41 young (41984K), 6 survivors (6144K)
 Metaspace       used 7810K, committed 8192K, reserved 1114112K
  class space    used 891K, committed 1024K, reserved 1048576K
}
Event: 1.556 GC heap after
{Heap after GC invocations=11 (full 0):
 garbage-first heap   total 215040K, used 110293K [0x00000000c0000000, 0x0000000100000000)
  region size 1024K, 6 young (6144K), 6 survivors (6144K)
 Metaspace       used 7810K, committed 8192K, reserved 1114112K
  class space    used 891K, committed 1024K, reserved 1048576K
}
Event: 1.561 GC heap before
{Heap before GC invocations=11 (full 0):
 garbage-first heap   total 215040K, used 114389K [0x00000000c0000000, 0x0000000100000000)
  region size 1024K, 10 young (10240K), 6 survivors (6144K)
 Metaspace       used 7810K, committed 8192K, reserved 1114112K
  class space    used 891K, committed 1024K, reserved 1048576K
}

